<?xml version="1.0" encoding="UTF-8"?>
<!-- Generated by org.testng.reporters.JUnitXMLReporter -->
<testsuite ignored="0" hostname="DESKTOP-7FGOP1G" failures="0" tests="3" name="Default test" time="21.1" errors="0" timestamp="2023-10-24T11:24:00 EET">
  <testcase classname="MyTest" name="LoginWithPerformanceUser" time="9.491"/>
  <testcase classname="MyTest" name="LoginWithProblemUser" time="3.403"/>
  <testcase classname="MyTest" name="LoginWithStandardUSer" time="3.285"/>
</testsuite> <!-- Default test -->
